[+] Containers:
 |- [+] Container: /Game/FirstPerson/Maps/FirstPersonMap
 |   |- [+] ActorDescs:
 |   |   |- Guid:02665A3648446C5013CB0A9E87E59CE1 BaseClass: NativeClass:/Script/Engine.StaticMeshActor Name:StaticMeshActor_UAID_040E3C3BF53108E801_1768641641 Label:Cube12 SpatiallyLoaded:1 Bounds:IsValid=true, Min=(X=2850.000 Y=2262.500 Z=-0.500), Max=(X=2950.000 Y=2337.500 Z=124.500) RuntimeGrid:None EditorOnly:0 RuntimeOnly:0 HLODRelevant:1 ListedInSceneOutliner:1 IsMainWorldOnly:0
 |   |   |- Guid:0EDB289B45CB7E0977A6DBA74201EE76 BaseClass: NativeClass:/Script/Engine.StaticMeshActor Name:StaticMeshActor_10 Label:SM_Cube6 SpatiallyLoaded:1 Bounds:IsValid=true, Min=(X=3625.000 Y=100.000 Z=0.000), Max=(X=3725.000 Y=4750.000 Z=1325.000) RuntimeGrid:None EditorOnly:0 RuntimeOnly:0 HLODRelevant:1 ListedInSceneOutliner:1 IsMainWorldOnly:0 FolderPath:Playground FolderGuid:6C02BB504B69D1F3D7A624B130C18E5B
 |   |   |- Guid:15A20F724783D62BD73D91AED6E48E77 BaseClass: NativeClass:/Script/Engine.StaticMeshActor Name:StaticMeshActor_UAID_040E3C3BF53108E801_2138483672 Label:Cube43 SpatiallyLoaded:1 Bounds:IsValid=true, Min=(X=450.000 Y=3762.500 Z=-0.500), Max=(X=550.000 Y=3837.500 Z=124.500) RuntimeGrid:None EditorOnly:0 RuntimeOnly:0 HLODRelevant:1 ListedInSceneOutliner:1 IsMainWorldOnly:0
 |   |   |- Guid:21262252453B37957EF29F82ABA2413B BaseClass: NativeClass:/Script/Engine.TextRenderActor Name:TextRenderActor_1 Label:TextRenderActor SpatiallyLoaded:1 Bounds:IsValid=true, Min=(X=-0.100 Y=1100.000 Z=65.013), Max=(X=-0.100 Y=2363.461 Z=215.013) RuntimeGrid:None EditorOnly:0 RuntimeOnly:0 HLODRelevant:0 ListedInSceneOutliner:1 IsMainWorldOnly:0
 |   |   |- Guid:213005594483AA07E529D5937058391B BaseClass: NativeClass:/Script/Engine.StaticMeshActor Name:StaticMeshActor_UAID_040E3C3BF53108E801_1757899633 Label:Cube4 SpatiallyLoaded:1 Bounds:IsValid=true, Min=(X=2450.000 Y=1262.500 Z=-0.500), Max=(X=2550.000 Y=1337.500 Z=124.500) RuntimeGrid:None EditorOnly:0 RuntimeOnly:0 HLODRelevant:1 ListedInSceneOutliner:1 IsMainWorldOnly:0
 |   |   |- Guid:2C3F1C544483B52C1D0564BD3D5402AE BaseClass: NativeClass:/Script/Engine.StaticMeshActor Name:StaticMeshActor_UAID_040E3C3BF53108E801_2122641649 Label:Cube20 SpatiallyLoaded:1 Bounds:IsValid=true, Min=(X=3250.000 Y=3762.500 Z=-0.500), Max=(X=3350.000 Y=3837.500 Z=124.500) RuntimeGrid:None EditorOnly:0 RuntimeOnly:0 HLODRelevant:1 ListedInSceneOutliner:1 IsMainWorldOnly:0
 |   |   |- Guid:317A13134DFC61F91E6C8992420A861C BaseClass: NativeClass:/Script/Engine.StaticMeshActor Name:StaticMeshActor_UAID_040E3C3BF53108E801_2138485675 Label:Cube46 SpatiallyLoaded:1 Bounds:IsValid=true, Min=(X=450.000 Y=4262.500 Z=-0.500), Max=(X=550.000 Y=4337.500 Z=124.500) RuntimeGrid:None EditorOnly:0 RuntimeOnly:0 HLODRelevant:1 ListedInSceneOutliner:1 IsMainWorldOnly:0
 |   |   |- Guid:34B6889F46C8110F6FDB39A416632EF2 BaseClass: NativeClass:/Script/Engine.StaticMeshActor Name:StaticMeshActor_UAID_040E3C3BF53108E801_2138481669 Label:Cube40 SpatiallyLoaded:1 Bounds:IsValid=true, Min=(X=450.000 Y=3262.500 Z=-0.500), Max=(X=550.000 Y=3337.500 Z=124.500) RuntimeGrid:None EditorOnly:0 RuntimeOnly:0 HLODRelevant:1 ListedInSceneOutliner:1 IsMainWorldOnly:0
 |   |   |- Guid:39D037494F65497F87938AA5B4E53D8B BaseClass: NativeClass:/Script/Engine.StaticMeshActor Name:StaticMeshActor_UAID_040E3C3BF53108E801_2122642650 Label:Cube21 SpatiallyLoaded:1 Bounds:IsValid=true, Min=(X=2850.000 Y=3762.500 Z=-0.500), Max=(X=2950.000 Y=3837.500 Z=124.500) RuntimeGrid:None EditorOnly:0 RuntimeOnly:0 HLODRelevant:1 ListedInSceneOutliner:1 IsMainWorldOnly:0
 |   |   |- Guid:3A8AB5DC451E72583863F2AF6A5B8DCA BaseClass: NativeClass:/Script/Engine.StaticMeshActor Name:StaticMeshActor_UAID_040E3C3BF53108E801_2138471657 Label:Cube28 SpatiallyLoaded:1 Bounds:IsValid=true, Min=(X=450.000 Y=1262.500 Z=-0.500), Max=(X=550.000 Y=1337.500 Z=124.500) RuntimeGrid:None EditorOnly:0 RuntimeOnly:0 HLODRelevant:1 ListedInSceneOutliner:1 IsMainWorldOnly:0
 |   |   |- Guid:3AD4C5164257975ED6B2D4AE98D70C7B BaseClass: NativeClass:/Script/Engine.StaticMeshActor Name:StaticMeshActor_UAID_040E3C3BF53108E801_1757901635 Label:Cube6 SpatiallyLoaded:1 Bounds:IsValid=true, Min=(X=2850.000 Y=1262.500 Z=-0.500), Max=(X=2950.000 Y=1337.500 Z=124.500) RuntimeGrid:None EditorOnly:0 RuntimeOnly:0 HLODRelevant:1 ListedInSceneOutliner:1 IsMainWorldOnly:0
 |   |   |- Guid:3F64955745126F0599E34F9F52C5BBF0 BaseClass: NativeClass:/Script/Engine.StaticMeshActor Name:StaticMeshActor_UAID_040E3C3BF53108E801_2122637645 Label:Cube16 SpatiallyLoaded:1 Bounds:IsValid=true, Min=(X=2450.000 Y=3262.500 Z=-0.500), Max=(X=2550.000 Y=3337.500 Z=124.500) RuntimeGrid:None EditorOnly:0 RuntimeOnly:0 HLODRelevant:1 ListedInSceneOutliner:1 IsMainWorldOnly:0
 |   |   |- Guid:40181BE945B05312045602AABF2FC8D4 BaseClass: NativeClass:/Script/Engine.StaticMeshActor Name:StaticMeshActor_UAID_040E3C3BF53108E801_2138471656 Label:Cube27 SpatiallyLoaded:1 Bounds:IsValid=true, Min=(X=850.000 Y=762.500 Z=-0.500), Max=(X=950.000 Y=837.500 Z=124.500) RuntimeGrid:None EditorOnly:0 RuntimeOnly:0 HLODRelevant:1 ListedInSceneOutliner:1 IsMainWorldOnly:0
 |   |   |- Guid:405DFED044B3B5E087885BBB4FBAF12E BaseClass: NativeClass:/Script/Engine.StaticMeshActor Name:StaticMeshActor_UAID_040E3C3BF53108E801_2138473659 Label:Cube30 SpatiallyLoaded:1 Bounds:IsValid=true, Min=(X=850.000 Y=1262.500 Z=-0.500), Max=(X=950.000 Y=1337.500 Z=124.500) RuntimeGrid:None EditorOnly:0 RuntimeOnly:0 HLODRelevant:1 ListedInSceneOutliner:1 IsMainWorldOnly:0
 |   |   |- Guid:42ADB7A1459647038E2500979B5408C5 BaseClass: NativeClass:/Script/Engine.StaticMeshActor Name:StaticMeshActor_UAID_040E3C3BF53108E801_2138468654 Label:Cube25 SpatiallyLoaded:1 Bounds:IsValid=true, Min=(X=450.000 Y=762.500 Z=-0.500), Max=(X=550.000 Y=837.500 Z=124.500) RuntimeGrid:None EditorOnly:0 RuntimeOnly:0 HLODRelevant:1 ListedInSceneOutliner:1 IsMainWorldOnly:0
 |   |   |- Guid:56A15BF54CE64BBE3FD8C993BB4714CA BaseClass: NativeClass:/Script/Engine.StaticMeshActor Name:StaticMeshActor_UAID_040E3C3BF53108E801_2138472658 Label:Cube29 SpatiallyLoaded:1 Bounds:IsValid=true, Min=(X=1250.000 Y=1262.500 Z=-0.500), Max=(X=1350.000 Y=1337.500 Z=124.500) RuntimeGrid:None EditorOnly:0 RuntimeOnly:0 HLODRelevant:1 ListedInSceneOutliner:1 IsMainWorldOnly:0
 |   |   |- Guid:59E96F164C443189D4F4CAAF5EB2D4B5 BaseClass: NativeClass:/Script/Engine.StaticMeshActor Name:StaticMeshActor_UAID_040E3C3BF53108E801_2138487677 Label:Cube48 SpatiallyLoaded:1 Bounds:IsValid=true, Min=(X=850.000 Y=4262.500 Z=-0.500), Max=(X=950.000 Y=4337.500 Z=124.500) RuntimeGrid:None EditorOnly:0 RuntimeOnly:0 HLODRelevant:1 ListedInSceneOutliner:1 IsMainWorldOnly:0
 |   |   |- Guid:5D50F2E64C335B6BC306429D0E7FA138 BaseClass: NativeClass:/Script/Engine.StaticMeshActor Name:StaticMeshActor_UAID_040E3C3BF53108E801_2122639647 Label:Cube18 SpatiallyLoaded:1 Bounds:IsValid=true, Min=(X=2850.000 Y=3262.500 Z=-0.500), Max=(X=2950.000 Y=3337.500 Z=124.500) RuntimeGrid:None EditorOnly:0 RuntimeOnly:0 HLODRelevant:1 ListedInSceneOutliner:1 IsMainWorldOnly:0
 |   |   |- Guid:5DCB8DA54A209BD1FAC97FBC40BFCD3D BaseClass: NativeClass:/Script/Engine.ExponentialHeightFog Name:ExponentialHeightFog_UAID_040E3C3BF53166E801_2093954105 Label:ExponentialHeightFog SpatiallyLoaded:0 Bounds:IsValid=true, Min=(X=-180.000 Y=-140.000 Z=2130.000), Max=(X=-180.000 Y=-140.000 Z=2130.000) RuntimeGrid:None EditorOnly:0 RuntimeOnly:0 HLODRelevant:0 ListedInSceneOutliner:1 IsMainWorldOnly:0 FolderPath:Lighting FolderGuid:0BA5F0A04EADB18E70D5B180D08FA34B
 |   |   |- Guid:62F9E2194F8D30CAE214B0BBD50ABAF6 BaseClass: NativeClass:/Script/Engine.StaticMeshActor Name:StaticMeshActor_UAID_040E3C3BF53108E801_2122639646 Label:Cube17 SpatiallyLoaded:1 Bounds:IsValid=true, Min=(X=3250.000 Y=3262.500 Z=-0.500), Max=(X=3350.000 Y=3337.500 Z=124.500) RuntimeGrid:None EditorOnly:0 RuntimeOnly:0 HLODRelevant:1 ListedInSceneOutliner:1 IsMainWorldOnly:0
 |   |   |- Guid:6551EEBF4743A485152390888D8A5F4D BaseClass: NativeClass:/Script/Engine.StaticMeshActor Name:StaticMeshActor_UAID_040E3C3BF53108E801_2138482670 Label:Cube41 SpatiallyLoaded:1 Bounds:IsValid=true, Min=(X=1250.000 Y=3262.500 Z=-0.500), Max=(X=1350.000 Y=3337.500 Z=124.500) RuntimeGrid:None EditorOnly:0 RuntimeOnly:0 HLODRelevant:1 ListedInSceneOutliner:1 IsMainWorldOnly:0
 |   |   |- Guid:6720B788474570A34674AE904AB49465 BaseClass:/Engine/EngineSky/BP_Sky_Sphere.BP_Sky_Sphere_C NativeClass:/Script/Engine.Actor Name:BP_Sky_Sphere_C_UAID_040E3C3BF53166E801_1420462103 Label:BP_Sky_Sphere SpatiallyLoaded:0 Bounds:IsValid=true, Min=(X=-1634780.000 Y=-1635980.000 Z=-1638250.000), Max=(X=1642020.000 Y=1640820.000 Z=1638550.000) RuntimeGrid:None EditorOnly:0 RuntimeOnly:0 HLODRelevant:0 ListedInSceneOutliner:1 IsMainWorldOnly:0 FolderPath:Lighting FolderGuid:0BA5F0A04EADB18E70D5B180D08FA34B
 |   |   |- Guid:68689A054AFA918B28A45E8EF3C8C724 BaseClass: NativeClass:/Script/Engine.StaticMeshActor Name:StaticMeshActor_UAID_040E3C3BF53108E801_2138484674 Label:Cube45 SpatiallyLoaded:1 Bounds:IsValid=true, Min=(X=850.000 Y=3762.500 Z=-0.500), Max=(X=950.000 Y=3837.500 Z=124.500) RuntimeGrid:None EditorOnly:0 RuntimeOnly:0 HLODRelevant:1 ListedInSceneOutliner:1 IsMainWorldOnly:0
 |   |   |- Guid:6894161C4487A3C4C11EDBB9ED0A4161 BaseClass: NativeClass:/Script/Engine.StaticMeshActor Name:StaticMeshActor_UAID_040E3C3BF53167E801_1913082282 Label:Sphere SpatiallyLoaded:1 Bounds:IsValid=true, Min=(X=-4900.000 Y=235960.000 Z=94100.000), Max=(X=6900.000 Y=247760.000 Z=105900.000) RuntimeGrid:None EditorOnly:0 RuntimeOnly:0 HLODRelevant:1 ListedInSceneOutliner:1 IsMainWorldOnly:0
 |   |   |- Guid:6FEFB3BD4EB37B849EF0D4AC80F83855 BaseClass: NativeClass:/Script/Engine.WorldDataLayers Name:WorldDataLayers Label:WorldDataLayers SpatiallyLoaded:0 Bounds:IsValid=true, Min=(X=0.000 Y=0.000 Z=0.000), Max=(X=0.000 Y=0.000 Z=0.000) RuntimeGrid:None EditorOnly:0 RuntimeOnly:0 HLODRelevant:0 ListedInSceneOutliner:1 IsMainWorldOnly:1
 |   |   |- Guid:78CAF7514C7533F30BD2F19A017AAB65 BaseClass: NativeClass:/Script/Engine.StaticMeshActor Name:StaticMeshActor_0 Label:SM_Cube SpatiallyLoaded:1 Bounds:IsValid=true, Min=(X=0.000 Y=0.000 Z=-50.000), Max=(X=3725.000 Y=4850.000 Z=0.000) RuntimeGrid:None EditorOnly:0 RuntimeOnly:0 HLODRelevant:1 ListedInSceneOutliner:1 IsMainWorldOnly:0 FolderPath:Playground FolderGuid:6C02BB504B69D1F3D7A624B130C18E5B
 |   |   |- Guid:7C5CE36242830A57C78665936FF7ED05 BaseClass: NativeClass:/Script/Engine.StaticMeshActor Name:StaticMeshActor_UAID_040E3C3BF53108E801_1752787632 Label:Cube3 SpatiallyLoaded:1 Bounds:IsValid=true, Min=(X=2850.000 Y=762.500 Z=-0.500), Max=(X=2950.000 Y=837.500 Z=124.500) RuntimeGrid:None EditorOnly:0 RuntimeOnly:0 HLODRelevant:1 ListedInSceneOutliner:1 IsMainWorldOnly:0
 |   |   |- Guid:833C9B8F46812EFC04BA67908EDC23FC BaseClass: NativeClass:/Script/Engine.StaticMeshActor Name:StaticMeshActor_UAID_040E3C3BF53108E801_2138482671 Label:Cube42 SpatiallyLoaded:1 Bounds:IsValid=true, Min=(X=850.000 Y=3262.500 Z=-0.500), Max=(X=950.000 Y=3337.500 Z=124.500) RuntimeGrid:None EditorOnly:0 RuntimeOnly:0 HLODRelevant:1 ListedInSceneOutliner:1 IsMainWorldOnly:0
 |   |   |- Guid:8559D1384B14F466E8927697A36C1D78 BaseClass: NativeClass:/Script/Engine.StaticMeshActor Name:StaticMeshActor_9 Label:SM_Cube5 SpatiallyLoaded:1 Bounds:IsValid=true, Min=(X=-0.000 Y=0.000 Z=0.000), Max=(X=100.000 Y=4750.000 Z=1325.000) RuntimeGrid:None EditorOnly:0 RuntimeOnly:0 HLODRelevant:1 ListedInSceneOutliner:1 IsMainWorldOnly:0 FolderPath:Playground FolderGuid:6C02BB504B69D1F3D7A624B130C18E5B
 |   |   |- Guid:883322854C554FE76C3F34BEB9421336 BaseClass: NativeClass:/Script/Engine.StaticMeshActor Name:StaticMeshActor_UAID_040E3C3BF53108E801_2138475663 Label:Cube34 SpatiallyLoaded:1 Bounds:IsValid=true, Min=(X=450.000 Y=2262.500 Z=-0.500), Max=(X=550.000 Y=2337.500 Z=124.500) RuntimeGrid:None EditorOnly:0 RuntimeOnly:0 HLODRelevant:1 ListedInSceneOutliner:1 IsMainWorldOnly:0
 |   |   |- Guid:887E79264E0D2E2C0B5522B5D95C6836 BaseClass: NativeClass:/Script/Engine.StaticMeshActor Name:StaticMeshActor_UAID_040E3C3BF53108E801_2138480668 Label:Cube39 SpatiallyLoaded:1 Bounds:IsValid=true, Min=(X=850.000 Y=2762.500 Z=-0.500), Max=(X=950.000 Y=2837.500 Z=124.500) RuntimeGrid:None EditorOnly:0 RuntimeOnly:0 HLODRelevant:1 ListedInSceneOutliner:1 IsMainWorldOnly:0
 |   |   |- Guid:8AD712F24F91B6F51165DF9BA3A177CD BaseClass: NativeClass:/Script/Engine.StaticMeshActor Name:StaticMeshActor_UAID_040E3C3BF53108E801_2138479667 Label:Cube38 SpatiallyLoaded:1 Bounds:IsValid=true, Min=(X=1250.000 Y=2762.500 Z=-0.500), Max=(X=1350.000 Y=2837.500 Z=124.500) RuntimeGrid:None EditorOnly:0 RuntimeOnly:0 HLODRelevant:1 ListedInSceneOutliner:1 IsMainWorldOnly:0
 |   |   |- Guid:90B7B8D3420C2EABA931D3A6A69DF696 BaseClass: NativeClass:/Script/Engine.StaticMeshActor Name:StaticMeshActor_3 Label:SM_Cube2 SpatiallyLoaded:1 Bounds:IsValid=true, Min=(X=0.000 Y=0.000 Z=0.000), Max=(X=3725.000 Y=100.000 Z=1325.000) RuntimeGrid:None EditorOnly:0 RuntimeOnly:0 HLODRelevant:1 ListedInSceneOutliner:1 IsMainWorldOnly:0 FolderPath:Playground FolderGuid:6C02BB504B69D1F3D7A624B130C18E5B
 |   |   |- Guid:9938E8CC48E88120672B27A92FC87600 BaseClass: NativeClass:/Script/Engine.StaticMeshActor Name:StaticMeshActor_UAID_040E3C3BF53108E801_2122634642 Label:Cube13 SpatiallyLoaded:1 Bounds:IsValid=true, Min=(X=2450.000 Y=2762.500 Z=-0.500), Max=(X=2550.000 Y=2837.500 Z=124.500) RuntimeGrid:None EditorOnly:0 RuntimeOnly:0 HLODRelevant:1 ListedInSceneOutliner:1 IsMainWorldOnly:0
 |   |   |- Guid:A01E7FCC45E58F3E628FE783CEB5BF05 BaseClass: NativeClass:/Script/Engine.StaticMeshActor Name:StaticMeshActor_UAID_040E3C3BF53108E801_1757901634 Label:Cube5 SpatiallyLoaded:1 Bounds:IsValid=true, Min=(X=3250.000 Y=1262.500 Z=-0.500), Max=(X=3350.000 Y=1337.500 Z=124.500) RuntimeGrid:None EditorOnly:0 RuntimeOnly:0 HLODRelevant:1 ListedInSceneOutliner:1 IsMainWorldOnly:0
 |   |   |- Guid:A354B1B24E617A525DC6B48CCDE2417E BaseClass: NativeClass:/Script/Engine.PlayerStart Name:PlayerStart_0 Label:PlayerStart SpatiallyLoaded:0 Bounds:IsValid=true, Min=(X=1860.000 Y=315.000 Z=0.013), Max=(X=1940.000 Y=395.000 Z=184.013) RuntimeGrid:None EditorOnly:0 RuntimeOnly:0 HLODRelevant:0 ListedInSceneOutliner:1 IsMainWorldOnly:0
 |   |   |- Guid:A53ACC5D4BADA98F049B1BBABC33D887 BaseClass: NativeClass:/Script/Engine.StaticMeshActor Name:StaticMeshActor_UAID_040E3C3BF53109E801_1210527854 Label:Cube47 SpatiallyLoaded:1 Bounds:IsValid=true, Min=(X=1400.000 Y=3677.500 Z=-0.500), Max=(X=2400.000 Y=4502.500 Z=1124.500) RuntimeGrid:None EditorOnly:0 RuntimeOnly:0 HLODRelevant:1 ListedInSceneOutliner:1 IsMainWorldOnly:0
 |   |   |- Guid:AC3CF37F45F302AFCB2A9DA482C98F46 BaseClass: NativeClass:/Script/Engine.StaticMeshActor Name:StaticMeshActor_UAID_040E3C3BF53108E801_2138478666 Label:Cube37 SpatiallyLoaded:1 Bounds:IsValid=true, Min=(X=450.000 Y=2762.500 Z=-0.500), Max=(X=550.000 Y=2837.500 Z=124.500) RuntimeGrid:None EditorOnly:0 RuntimeOnly:0 HLODRelevant:1 ListedInSceneOutliner:1 IsMainWorldOnly:0
 |   |   |- Guid:ADD7BCCC4B12796A54F3779077C067EF BaseClass: NativeClass:/Script/Engine.StaticMeshActor Name:StaticMeshActor_UAID_040E3C3BF53108E801_2122637644 Label:Cube15 SpatiallyLoaded:1 Bounds:IsValid=true, Min=(X=2850.000 Y=2762.500 Z=-0.500), Max=(X=2950.000 Y=2837.500 Z=124.500) RuntimeGrid:None EditorOnly:0 RuntimeOnly:0 HLODRelevant:1 ListedInSceneOutliner:1 IsMainWorldOnly:0
 |   |   |- Guid:AF47D9DB4CB0CF3D459742933E11CA2F BaseClass: NativeClass:/Script/Engine.StaticMeshActor Name:StaticMeshActor_UAID_040E3C3BF53108E801_2138477665 Label:Cube36 SpatiallyLoaded:1 Bounds:IsValid=true, Min=(X=850.000 Y=2262.500 Z=-0.500), Max=(X=950.000 Y=2337.500 Z=124.500) RuntimeGrid:None EditorOnly:0 RuntimeOnly:0 HLODRelevant:1 ListedInSceneOutliner:1 IsMainWorldOnly:0
 |   |   |- Guid:B259C1A24EF2AC00D512CAB1ED48F254 BaseClass: NativeClass:/Script/Engine.StaticMeshActor Name:StaticMeshActor_UAID_040E3C3BF53108E801_1768637638 Label:Cube9 SpatiallyLoaded:1 Bounds:IsValid=true, Min=(X=2850.000 Y=1762.500 Z=-0.500), Max=(X=2950.000 Y=1837.500 Z=124.500) RuntimeGrid:None EditorOnly:0 RuntimeOnly:0 HLODRelevant:1 ListedInSceneOutliner:1 IsMainWorldOnly:0
 |   |   |- Guid:B3BB73BD4B4C49F653B50A811B6C6CD5 BaseClass: NativeClass:/Script/Engine.StaticMeshActor Name:StaticMeshActor_UAID_040E3C3BF53108E801_2122636643 Label:Cube14 SpatiallyLoaded:1 Bounds:IsValid=true, Min=(X=3250.000 Y=2762.500 Z=-0.500), Max=(X=3350.000 Y=2837.500 Z=124.500) RuntimeGrid:None EditorOnly:0 RuntimeOnly:0 HLODRelevant:1 ListedInSceneOutliner:1 IsMainWorldOnly:0
 |   |   |- Guid:B85AE2B040A06D2986DB11BEA0F9D794 BaseClass: NativeClass:/Script/Engine.StaticMeshActor Name:StaticMeshActor_UAID_040E3C3BF53108E801_2138473660 Label:Cube31 SpatiallyLoaded:1 Bounds:IsValid=true, Min=(X=450.000 Y=1762.500 Z=-0.500), Max=(X=550.000 Y=1837.500 Z=124.500) RuntimeGrid:None EditorOnly:0 RuntimeOnly:0 HLODRelevant:1 ListedInSceneOutliner:1 IsMainWorldOnly:0
 |   |   |- Guid:BBB69B694AD16EB89E197EB5357CE1A2 BaseClass: NativeClass:/Script/Engine.StaticMeshActor Name:StaticMeshActor_UAID_040E3C3BF53108E801_2122643652 Label:Cube23 SpatiallyLoaded:1 Bounds:IsValid=true, Min=(X=3250.000 Y=4262.500 Z=-0.500), Max=(X=3350.000 Y=4337.500 Z=124.500) RuntimeGrid:None EditorOnly:0 RuntimeOnly:0 HLODRelevant:1 ListedInSceneOutliner:1 IsMainWorldOnly:0
 |   |   |- Guid:BE70013D4664B087CEF53EA7F19BECDB BaseClass: NativeClass:/Script/Engine.StaticMeshActor Name:StaticMeshActor_UAID_040E3C3BF53108E801_1579555631 Label:Cube2 SpatiallyLoaded:1 Bounds:IsValid=true, Min=(X=3250.000 Y=762.500 Z=-0.500), Max=(X=3350.000 Y=837.500 Z=124.500) RuntimeGrid:None EditorOnly:0 RuntimeOnly:0 HLODRelevant:1 ListedInSceneOutliner:1 IsMainWorldOnly:0
 |   |   |- Guid:BEE7858848C7A2F4E382E19E10BA8860 BaseClass: NativeClass:/Script/Engine.StaticMeshActor Name:StaticMeshActor_UAID_040E3C3BF53108E801_2122643653 Label:Cube24 SpatiallyLoaded:1 Bounds:IsValid=true, Min=(X=2850.000 Y=4262.500 Z=-0.500), Max=(X=2950.000 Y=4337.500 Z=124.500) RuntimeGrid:None EditorOnly:0 RuntimeOnly:0 HLODRelevant:1 ListedInSceneOutliner:1 IsMainWorldOnly:0
 |   |   |- Guid:C00F814840B73753A9444D91B1878FE9 BaseClass: NativeClass:/Script/Engine.StaticMeshActor Name:StaticMeshActor_UAID_040E3C3BF53108E801_1768636636 Label:Cube7 SpatiallyLoaded:1 Bounds:IsValid=true, Min=(X=2450.000 Y=1762.500 Z=-0.500), Max=(X=2550.000 Y=1837.500 Z=124.500) RuntimeGrid:None EditorOnly:0 RuntimeOnly:0 HLODRelevant:1 ListedInSceneOutliner:1 IsMainWorldOnly:0
 |   |   |- Guid:C60C6DB244997A3555FECD9C81C24EEF BaseClass: NativeClass:/Script/Engine.StaticMeshActor Name:StaticMeshActor_UAID_040E3C3BF53108E801_1768639639 Label:Cube10 SpatiallyLoaded:1 Bounds:IsValid=true, Min=(X=2450.000 Y=2262.500 Z=-0.500), Max=(X=2550.000 Y=2337.500 Z=124.500) RuntimeGrid:None EditorOnly:0 RuntimeOnly:0 HLODRelevant:1 ListedInSceneOutliner:1 IsMainWorldOnly:0
 |   |   |- Guid:C6A1080745B1AC052B836DA187514D77 BaseClass: NativeClass:/Script/Engine.StaticMeshActor Name:StaticMeshActor_UAID_040E3C3BF53108E801_2138476664 Label:Cube35 SpatiallyLoaded:1 Bounds:IsValid=true, Min=(X=1250.000 Y=2262.500 Z=-0.500), Max=(X=1350.000 Y=2337.500 Z=124.500) RuntimeGrid:None EditorOnly:0 RuntimeOnly:0 HLODRelevant:1 ListedInSceneOutliner:1 IsMainWorldOnly:0
 |   |   |- Guid:CB7EEC8441A84BF2321306A258B9BFDD BaseClass: NativeClass:/Script/Engine.StaticMeshActor Name:StaticMeshActor_UAID_040E3C3BF53108E801_1768640640 Label:Cube11 SpatiallyLoaded:1 Bounds:IsValid=true, Min=(X=3250.000 Y=2262.500 Z=-0.500), Max=(X=3350.000 Y=2337.500 Z=124.500) RuntimeGrid:None EditorOnly:0 RuntimeOnly:0 HLODRelevant:1 ListedInSceneOutliner:1 IsMainWorldOnly:0
 |   |   |- Guid:D1DAFF3345CBCA5D0716638C21B96282 BaseClass: NativeClass:/Script/Engine.StaticMeshActor Name:StaticMeshActor_UAID_040E3C3BF53108E801_1768637637 Label:Cube8 SpatiallyLoaded:1 Bounds:IsValid=true, Min=(X=3250.000 Y=1762.500 Z=-0.500), Max=(X=3350.000 Y=1837.500 Z=124.500) RuntimeGrid:None EditorOnly:0 RuntimeOnly:0 HLODRelevant:1 ListedInSceneOutliner:1 IsMainWorldOnly:0
 |   |   |- Guid:D3AEC0784F9A055DFFC902A73D922BD1 BaseClass: NativeClass:/Script/Engine.StaticMeshActor Name:StaticMeshActor_UAID_040E3C3BF53107E801_1696166385 Label:Cube SpatiallyLoaded:1 Bounds:IsValid=true, Min=(X=2450.000 Y=762.500 Z=-0.500), Max=(X=2550.000 Y=837.500 Z=124.500) RuntimeGrid:None EditorOnly:0 RuntimeOnly:0 HLODRelevant:1 ListedInSceneOutliner:1 IsMainWorldOnly:0
 |   |   |- Guid:DCE5301C4108188F4765F6ACEE558CE7 BaseClass: NativeClass:/Script/Engine.DirectionalLight Name:DirectionalLight_UAID_040E3C3BF53166E801_1947049104 Label:DirectionalLight SpatiallyLoaded:0 Bounds:IsValid=true, Min=(X=-4398046511104.000 Y=-4398046511104.000 Z=-4398046511104.000), Max=(X=4398046511104.000 Y=4398046511104.000 Z=4398046511104.000) RuntimeGrid:None EditorOnly:0 RuntimeOnly:0 HLODRelevant:0 ListedInSceneOutliner:1 IsMainWorldOnly:0 FolderPath:Lighting FolderGuid:0BA5F0A04EADB18E70D5B180D08FA34B
 |   |   |- Guid:EA7B1C4447CC85D2E223528770504697 BaseClass: NativeClass:/Script/Engine.StaticMeshActor Name:StaticMeshActor_UAID_040E3C3BF53108E801_2138474661 Label:Cube32 SpatiallyLoaded:1 Bounds:IsValid=true, Min=(X=1250.000 Y=1762.500 Z=-0.500), Max=(X=1350.000 Y=1837.500 Z=124.500) RuntimeGrid:None EditorOnly:0 RuntimeOnly:0 HLODRelevant:1 ListedInSceneOutliner:1 IsMainWorldOnly:0
 |   |   |- Guid:F07F1AF64C7C7C238EE1B4BF8C122DD8 BaseClass: NativeClass:/Script/Engine.StaticMeshActor Name:StaticMeshActor_4 Label:SM_Cube3 SpatiallyLoaded:1 Bounds:IsValid=true, Min=(X=0.000 Y=4750.000 Z=0.000), Max=(X=3725.000 Y=4850.000 Z=1325.000) RuntimeGrid:None EditorOnly:0 RuntimeOnly:0 HLODRelevant:1 ListedInSceneOutliner:1 IsMainWorldOnly:0 FolderPath:Playground FolderGuid:6C02BB504B69D1F3D7A624B130C18E5B
 |   |   |- Guid:F48A05CE4DD02452A913CDBAAFF117CD BaseClass: NativeClass:/Script/Engine.StaticMeshActor Name:StaticMeshActor_UAID_040E3C3BF53108E801_2138475662 Label:Cube33 SpatiallyLoaded:1 Bounds:IsValid=true, Min=(X=850.000 Y=1762.500 Z=-0.500), Max=(X=950.000 Y=1837.500 Z=124.500) RuntimeGrid:None EditorOnly:0 RuntimeOnly:0 HLODRelevant:1 ListedInSceneOutliner:1 IsMainWorldOnly:0
 |   |   |- Guid:F4F0DB4F4E40A2CCDAD8168DAF5195FD BaseClass: NativeClass:/Script/Engine.StaticMeshActor Name:StaticMeshActor_UAID_040E3C3BF53108E801_2138470655 Label:Cube26 SpatiallyLoaded:1 Bounds:IsValid=true, Min=(X=1250.000 Y=762.500 Z=-0.500), Max=(X=1350.000 Y=837.500 Z=124.500) RuntimeGrid:None EditorOnly:0 RuntimeOnly:0 HLODRelevant:1 ListedInSceneOutliner:1 IsMainWorldOnly:0
 |   |- [+] Clusters:
 |   |   |- [+] [  0]
 |   |   |   |- Guid:02665A3648446C5013CB0A9E87E59CE1 BaseClass: NativeClass:/Script/Engine.StaticMeshActor Name:StaticMeshActor_UAID_040E3C3BF53108E801_1768641641 Label:Cube12 SpatiallyLoaded:1 Bounds:IsValid=true, Min=(X=2850.000 Y=2262.500 Z=-0.500), Max=(X=2950.000 Y=2337.500 Z=124.500) RuntimeGrid:None EditorOnly:0 RuntimeOnly:0 HLODRelevant:1 ListedInSceneOutliner:1 IsMainWorldOnly:0
 |   |   |- [+] [  1]
 |   |   |   |- Guid:0EDB289B45CB7E0977A6DBA74201EE76 BaseClass: NativeClass:/Script/Engine.StaticMeshActor Name:StaticMeshActor_10 Label:SM_Cube6 SpatiallyLoaded:1 Bounds:IsValid=true, Min=(X=3625.000 Y=100.000 Z=0.000), Max=(X=3725.000 Y=4750.000 Z=1325.000) RuntimeGrid:None EditorOnly:0 RuntimeOnly:0 HLODRelevant:1 ListedInSceneOutliner:1 IsMainWorldOnly:0 FolderPath:Playground FolderGuid:6C02BB504B69D1F3D7A624B130C18E5B
 |   |   |- [+] [  2]
 |   |   |   |- Guid:15A20F724783D62BD73D91AED6E48E77 BaseClass: NativeClass:/Script/Engine.StaticMeshActor Name:StaticMeshActor_UAID_040E3C3BF53108E801_2138483672 Label:Cube43 SpatiallyLoaded:1 Bounds:IsValid=true, Min=(X=450.000 Y=3762.500 Z=-0.500), Max=(X=550.000 Y=3837.500 Z=124.500) RuntimeGrid:None EditorOnly:0 RuntimeOnly:0 HLODRelevant:1 ListedInSceneOutliner:1 IsMainWorldOnly:0
 |   |   |- [+] [  3]
 |   |   |   |- Guid:21262252453B37957EF29F82ABA2413B BaseClass: NativeClass:/Script/Engine.TextRenderActor Name:TextRenderActor_1 Label:TextRenderActor SpatiallyLoaded:1 Bounds:IsValid=true, Min=(X=-0.100 Y=1100.000 Z=65.013), Max=(X=-0.100 Y=2363.461 Z=215.013) RuntimeGrid:None EditorOnly:0 RuntimeOnly:0 HLODRelevant:0 ListedInSceneOutliner:1 IsMainWorldOnly:0
 |   |   |- [+] [  4]
 |   |   |   |- Guid:213005594483AA07E529D5937058391B BaseClass: NativeClass:/Script/Engine.StaticMeshActor Name:StaticMeshActor_UAID_040E3C3BF53108E801_1757899633 Label:Cube4 SpatiallyLoaded:1 Bounds:IsValid=true, Min=(X=2450.000 Y=1262.500 Z=-0.500), Max=(X=2550.000 Y=1337.500 Z=124.500) RuntimeGrid:None EditorOnly:0 RuntimeOnly:0 HLODRelevant:1 ListedInSceneOutliner:1 IsMainWorldOnly:0
 |   |   |- [+] [  5]
 |   |   |   |- Guid:2C3F1C544483B52C1D0564BD3D5402AE BaseClass: NativeClass:/Script/Engine.StaticMeshActor Name:StaticMeshActor_UAID_040E3C3BF53108E801_2122641649 Label:Cube20 SpatiallyLoaded:1 Bounds:IsValid=true, Min=(X=3250.000 Y=3762.500 Z=-0.500), Max=(X=3350.000 Y=3837.500 Z=124.500) RuntimeGrid:None EditorOnly:0 RuntimeOnly:0 HLODRelevant:1 ListedInSceneOutliner:1 IsMainWorldOnly:0
 |   |   |- [+] [  6]
 |   |   |   |- Guid:317A13134DFC61F91E6C8992420A861C BaseClass: NativeClass:/Script/Engine.StaticMeshActor Name:StaticMeshActor_UAID_040E3C3BF53108E801_2138485675 Label:Cube46 SpatiallyLoaded:1 Bounds:IsValid=true, Min=(X=450.000 Y=4262.500 Z=-0.500), Max=(X=550.000 Y=4337.500 Z=124.500) RuntimeGrid:None EditorOnly:0 RuntimeOnly:0 HLODRelevant:1 ListedInSceneOutliner:1 IsMainWorldOnly:0
 |   |   |- [+] [  7]
 |   |   |   |- Guid:34B6889F46C8110F6FDB39A416632EF2 BaseClass: NativeClass:/Script/Engine.StaticMeshActor Name:StaticMeshActor_UAID_040E3C3BF53108E801_2138481669 Label:Cube40 SpatiallyLoaded:1 Bounds:IsValid=true, Min=(X=450.000 Y=3262.500 Z=-0.500), Max=(X=550.000 Y=3337.500 Z=124.500) RuntimeGrid:None EditorOnly:0 RuntimeOnly:0 HLODRelevant:1 ListedInSceneOutliner:1 IsMainWorldOnly:0
 |   |   |- [+] [  8]
 |   |   |   |- Guid:39D037494F65497F87938AA5B4E53D8B BaseClass: NativeClass:/Script/Engine.StaticMeshActor Name:StaticMeshActor_UAID_040E3C3BF53108E801_2122642650 Label:Cube21 SpatiallyLoaded:1 Bounds:IsValid=true, Min=(X=2850.000 Y=3762.500 Z=-0.500), Max=(X=2950.000 Y=3837.500 Z=124.500) RuntimeGrid:None EditorOnly:0 RuntimeOnly:0 HLODRelevant:1 ListedInSceneOutliner:1 IsMainWorldOnly:0
 |   |   |- [+] [  9]
 |   |   |   |- Guid:3A8AB5DC451E72583863F2AF6A5B8DCA BaseClass: NativeClass:/Script/Engine.StaticMeshActor Name:StaticMeshActor_UAID_040E3C3BF53108E801_2138471657 Label:Cube28 SpatiallyLoaded:1 Bounds:IsValid=true, Min=(X=450.000 Y=1262.500 Z=-0.500), Max=(X=550.000 Y=1337.500 Z=124.500) RuntimeGrid:None EditorOnly:0 RuntimeOnly:0 HLODRelevant:1 ListedInSceneOutliner:1 IsMainWorldOnly:0
 |   |   |- [+] [ 10]
 |   |   |   |- Guid:3AD4C5164257975ED6B2D4AE98D70C7B BaseClass: NativeClass:/Script/Engine.StaticMeshActor Name:StaticMeshActor_UAID_040E3C3BF53108E801_1757901635 Label:Cube6 SpatiallyLoaded:1 Bounds:IsValid=true, Min=(X=2850.000 Y=1262.500 Z=-0.500), Max=(X=2950.000 Y=1337.500 Z=124.500) RuntimeGrid:None EditorOnly:0 RuntimeOnly:0 HLODRelevant:1 ListedInSceneOutliner:1 IsMainWorldOnly:0
 |   |   |- [+] [ 11]
 |   |   |   |- Guid:3F64955745126F0599E34F9F52C5BBF0 BaseClass: NativeClass:/Script/Engine.StaticMeshActor Name:StaticMeshActor_UAID_040E3C3BF53108E801_2122637645 Label:Cube16 SpatiallyLoaded:1 Bounds:IsValid=true, Min=(X=2450.000 Y=3262.500 Z=-0.500), Max=(X=2550.000 Y=3337.500 Z=124.500) RuntimeGrid:None EditorOnly:0 RuntimeOnly:0 HLODRelevant:1 ListedInSceneOutliner:1 IsMainWorldOnly:0
 |   |   |- [+] [ 12]
 |   |   |   |- Guid:40181BE945B05312045602AABF2FC8D4 BaseClass: NativeClass:/Script/Engine.StaticMeshActor Name:StaticMeshActor_UAID_040E3C3BF53108E801_2138471656 Label:Cube27 SpatiallyLoaded:1 Bounds:IsValid=true, Min=(X=850.000 Y=762.500 Z=-0.500), Max=(X=950.000 Y=837.500 Z=124.500) RuntimeGrid:None EditorOnly:0 RuntimeOnly:0 HLODRelevant:1 ListedInSceneOutliner:1 IsMainWorldOnly:0
 |   |   |- [+] [ 13]
 |   |   |   |- Guid:405DFED044B3B5E087885BBB4FBAF12E BaseClass: NativeClass:/Script/Engine.StaticMeshActor Name:StaticMeshActor_UAID_040E3C3BF53108E801_2138473659 Label:Cube30 SpatiallyLoaded:1 Bounds:IsValid=true, Min=(X=850.000 Y=1262.500 Z=-0.500), Max=(X=950.000 Y=1337.500 Z=124.500) RuntimeGrid:None EditorOnly:0 RuntimeOnly:0 HLODRelevant:1 ListedInSceneOutliner:1 IsMainWorldOnly:0
 |   |   |- [+] [ 14]
 |   |   |   |- Guid:42ADB7A1459647038E2500979B5408C5 BaseClass: NativeClass:/Script/Engine.StaticMeshActor Name:StaticMeshActor_UAID_040E3C3BF53108E801_2138468654 Label:Cube25 SpatiallyLoaded:1 Bounds:IsValid=true, Min=(X=450.000 Y=762.500 Z=-0.500), Max=(X=550.000 Y=837.500 Z=124.500) RuntimeGrid:None EditorOnly:0 RuntimeOnly:0 HLODRelevant:1 ListedInSceneOutliner:1 IsMainWorldOnly:0
 |   |   |- [+] [ 15]
 |   |   |   |- Guid:56A15BF54CE64BBE3FD8C993BB4714CA BaseClass: NativeClass:/Script/Engine.StaticMeshActor Name:StaticMeshActor_UAID_040E3C3BF53108E801_2138472658 Label:Cube29 SpatiallyLoaded:1 Bounds:IsValid=true, Min=(X=1250.000 Y=1262.500 Z=-0.500), Max=(X=1350.000 Y=1337.500 Z=124.500) RuntimeGrid:None EditorOnly:0 RuntimeOnly:0 HLODRelevant:1 ListedInSceneOutliner:1 IsMainWorldOnly:0
 |   |   |- [+] [ 16]
 |   |   |   |- Guid:59E96F164C443189D4F4CAAF5EB2D4B5 BaseClass: NativeClass:/Script/Engine.StaticMeshActor Name:StaticMeshActor_UAID_040E3C3BF53108E801_2138487677 Label:Cube48 SpatiallyLoaded:1 Bounds:IsValid=true, Min=(X=850.000 Y=4262.500 Z=-0.500), Max=(X=950.000 Y=4337.500 Z=124.500) RuntimeGrid:None EditorOnly:0 RuntimeOnly:0 HLODRelevant:1 ListedInSceneOutliner:1 IsMainWorldOnly:0
 |   |   |- [+] [ 17]
 |   |   |   |- Guid:5D50F2E64C335B6BC306429D0E7FA138 BaseClass: NativeClass:/Script/Engine.StaticMeshActor Name:StaticMeshActor_UAID_040E3C3BF53108E801_2122639647 Label:Cube18 SpatiallyLoaded:1 Bounds:IsValid=true, Min=(X=2850.000 Y=3262.500 Z=-0.500), Max=(X=2950.000 Y=3337.500 Z=124.500) RuntimeGrid:None EditorOnly:0 RuntimeOnly:0 HLODRelevant:1 ListedInSceneOutliner:1 IsMainWorldOnly:0
 |   |   |- [+] [ 18]
 |   |   |   |- Guid:5DCB8DA54A209BD1FAC97FBC40BFCD3D BaseClass: NativeClass:/Script/Engine.ExponentialHeightFog Name:ExponentialHeightFog_UAID_040E3C3BF53166E801_2093954105 Label:ExponentialHeightFog SpatiallyLoaded:0 Bounds:IsValid=true, Min=(X=-180.000 Y=-140.000 Z=2130.000), Max=(X=-180.000 Y=-140.000 Z=2130.000) RuntimeGrid:None EditorOnly:0 RuntimeOnly:0 HLODRelevant:0 ListedInSceneOutliner:1 IsMainWorldOnly:0 FolderPath:Lighting FolderGuid:0BA5F0A04EADB18E70D5B180D08FA34B
 |   |   |- [+] [ 19]
 |   |   |   |- Guid:62F9E2194F8D30CAE214B0BBD50ABAF6 BaseClass: NativeClass:/Script/Engine.StaticMeshActor Name:StaticMeshActor_UAID_040E3C3BF53108E801_2122639646 Label:Cube17 SpatiallyLoaded:1 Bounds:IsValid=true, Min=(X=3250.000 Y=3262.500 Z=-0.500), Max=(X=3350.000 Y=3337.500 Z=124.500) RuntimeGrid:None EditorOnly:0 RuntimeOnly:0 HLODRelevant:1 ListedInSceneOutliner:1 IsMainWorldOnly:0
 |   |   |- [+] [ 20]
 |   |   |   |- Guid:6551EEBF4743A485152390888D8A5F4D BaseClass: NativeClass:/Script/Engine.StaticMeshActor Name:StaticMeshActor_UAID_040E3C3BF53108E801_2138482670 Label:Cube41 SpatiallyLoaded:1 Bounds:IsValid=true, Min=(X=1250.000 Y=3262.500 Z=-0.500), Max=(X=1350.000 Y=3337.500 Z=124.500) RuntimeGrid:None EditorOnly:0 RuntimeOnly:0 HLODRelevant:1 ListedInSceneOutliner:1 IsMainWorldOnly:0
 |   |   |- [+] [ 21]
 |   |   |   |- Guid:6720B788474570A34674AE904AB49465 BaseClass:/Engine/EngineSky/BP_Sky_Sphere.BP_Sky_Sphere_C NativeClass:/Script/Engine.Actor Name:BP_Sky_Sphere_C_UAID_040E3C3BF53166E801_1420462103 Label:BP_Sky_Sphere SpatiallyLoaded:0 Bounds:IsValid=true, Min=(X=-1634780.000 Y=-1635980.000 Z=-1638250.000), Max=(X=1642020.000 Y=1640820.000 Z=1638550.000) RuntimeGrid:None EditorOnly:0 RuntimeOnly:0 HLODRelevant:0 ListedInSceneOutliner:1 IsMainWorldOnly:0 FolderPath:Lighting FolderGuid:0BA5F0A04EADB18E70D5B180D08FA34B
 |   |   |- [+] [ 22]
 |   |   |   |- Guid:68689A054AFA918B28A45E8EF3C8C724 BaseClass: NativeClass:/Script/Engine.StaticMeshActor Name:StaticMeshActor_UAID_040E3C3BF53108E801_2138484674 Label:Cube45 SpatiallyLoaded:1 Bounds:IsValid=true, Min=(X=850.000 Y=3762.500 Z=-0.500), Max=(X=950.000 Y=3837.500 Z=124.500) RuntimeGrid:None EditorOnly:0 RuntimeOnly:0 HLODRelevant:1 ListedInSceneOutliner:1 IsMainWorldOnly:0
 |   |   |- [+] [ 23]
 |   |   |   |- Guid:6894161C4487A3C4C11EDBB9ED0A4161 BaseClass: NativeClass:/Script/Engine.StaticMeshActor Name:StaticMeshActor_UAID_040E3C3BF53167E801_1913082282 Label:Sphere SpatiallyLoaded:1 Bounds:IsValid=true, Min=(X=-4900.000 Y=235960.000 Z=94100.000), Max=(X=6900.000 Y=247760.000 Z=105900.000) RuntimeGrid:None EditorOnly:0 RuntimeOnly:0 HLODRelevant:1 ListedInSceneOutliner:1 IsMainWorldOnly:0
 |   |   |- [+] [ 24]
 |   |   |   |- Guid:6FEFB3BD4EB37B849EF0D4AC80F83855 BaseClass: NativeClass:/Script/Engine.WorldDataLayers Name:WorldDataLayers Label:WorldDataLayers SpatiallyLoaded:0 Bounds:IsValid=true, Min=(X=0.000 Y=0.000 Z=0.000), Max=(X=0.000 Y=0.000 Z=0.000) RuntimeGrid:None EditorOnly:0 RuntimeOnly:0 HLODRelevant:0 ListedInSceneOutliner:1 IsMainWorldOnly:1
 |   |   |- [+] [ 25]
 |   |   |   |- Guid:78CAF7514C7533F30BD2F19A017AAB65 BaseClass: NativeClass:/Script/Engine.StaticMeshActor Name:StaticMeshActor_0 Label:SM_Cube SpatiallyLoaded:1 Bounds:IsValid=true, Min=(X=0.000 Y=0.000 Z=-50.000), Max=(X=3725.000 Y=4850.000 Z=0.000) RuntimeGrid:None EditorOnly:0 RuntimeOnly:0 HLODRelevant:1 ListedInSceneOutliner:1 IsMainWorldOnly:0 FolderPath:Playground FolderGuid:6C02BB504B69D1F3D7A624B130C18E5B
 |   |   |- [+] [ 26]
 |   |   |   |- Guid:7C5CE36242830A57C78665936FF7ED05 BaseClass: NativeClass:/Script/Engine.StaticMeshActor Name:StaticMeshActor_UAID_040E3C3BF53108E801_1752787632 Label:Cube3 SpatiallyLoaded:1 Bounds:IsValid=true, Min=(X=2850.000 Y=762.500 Z=-0.500), Max=(X=2950.000 Y=837.500 Z=124.500) RuntimeGrid:None EditorOnly:0 RuntimeOnly:0 HLODRelevant:1 ListedInSceneOutliner:1 IsMainWorldOnly:0
 |   |   |- [+] [ 27]
 |   |   |   |- Guid:833C9B8F46812EFC04BA67908EDC23FC BaseClass: NativeClass:/Script/Engine.StaticMeshActor Name:StaticMeshActor_UAID_040E3C3BF53108E801_2138482671 Label:Cube42 SpatiallyLoaded:1 Bounds:IsValid=true, Min=(X=850.000 Y=3262.500 Z=-0.500), Max=(X=950.000 Y=3337.500 Z=124.500) RuntimeGrid:None EditorOnly:0 RuntimeOnly:0 HLODRelevant:1 ListedInSceneOutliner:1 IsMainWorldOnly:0
 |   |   |- [+] [ 28]
 |   |   |   |- Guid:8559D1384B14F466E8927697A36C1D78 BaseClass: NativeClass:/Script/Engine.StaticMeshActor Name:StaticMeshActor_9 Label:SM_Cube5 SpatiallyLoaded:1 Bounds:IsValid=true, Min=(X=-0.000 Y=0.000 Z=0.000), Max=(X=100.000 Y=4750.000 Z=1325.000) RuntimeGrid:None EditorOnly:0 RuntimeOnly:0 HLODRelevant:1 ListedInSceneOutliner:1 IsMainWorldOnly:0 FolderPath:Playground FolderGuid:6C02BB504B69D1F3D7A624B130C18E5B
 |   |   |- [+] [ 29]
 |   |   |   |- Guid:883322854C554FE76C3F34BEB9421336 BaseClass: NativeClass:/Script/Engine.StaticMeshActor Name:StaticMeshActor_UAID_040E3C3BF53108E801_2138475663 Label:Cube34 SpatiallyLoaded:1 Bounds:IsValid=true, Min=(X=450.000 Y=2262.500 Z=-0.500), Max=(X=550.000 Y=2337.500 Z=124.500) RuntimeGrid:None EditorOnly:0 RuntimeOnly:0 HLODRelevant:1 ListedInSceneOutliner:1 IsMainWorldOnly:0
 |   |   |- [+] [ 30]
 |   |   |   |- Guid:887E79264E0D2E2C0B5522B5D95C6836 BaseClass: NativeClass:/Script/Engine.StaticMeshActor Name:StaticMeshActor_UAID_040E3C3BF53108E801_2138480668 Label:Cube39 SpatiallyLoaded:1 Bounds:IsValid=true, Min=(X=850.000 Y=2762.500 Z=-0.500), Max=(X=950.000 Y=2837.500 Z=124.500) RuntimeGrid:None EditorOnly:0 RuntimeOnly:0 HLODRelevant:1 ListedInSceneOutliner:1 IsMainWorldOnly:0
 |   |   |- [+] [ 31]
 |   |   |   |- Guid:8AD712F24F91B6F51165DF9BA3A177CD BaseClass: NativeClass:/Script/Engine.StaticMeshActor Name:StaticMeshActor_UAID_040E3C3BF53108E801_2138479667 Label:Cube38 SpatiallyLoaded:1 Bounds:IsValid=true, Min=(X=1250.000 Y=2762.500 Z=-0.500), Max=(X=1350.000 Y=2837.500 Z=124.500) RuntimeGrid:None EditorOnly:0 RuntimeOnly:0 HLODRelevant:1 ListedInSceneOutliner:1 IsMainWorldOnly:0
 |   |   |- [+] [ 32]
 |   |   |   |- Guid:90B7B8D3420C2EABA931D3A6A69DF696 BaseClass: NativeClass:/Script/Engine.StaticMeshActor Name:StaticMeshActor_3 Label:SM_Cube2 SpatiallyLoaded:1 Bounds:IsValid=true, Min=(X=0.000 Y=0.000 Z=0.000), Max=(X=3725.000 Y=100.000 Z=1325.000) RuntimeGrid:None EditorOnly:0 RuntimeOnly:0 HLODRelevant:1 ListedInSceneOutliner:1 IsMainWorldOnly:0 FolderPath:Playground FolderGuid:6C02BB504B69D1F3D7A624B130C18E5B
 |   |   |- [+] [ 33]
 |   |   |   |- Guid:9938E8CC48E88120672B27A92FC87600 BaseClass: NativeClass:/Script/Engine.StaticMeshActor Name:StaticMeshActor_UAID_040E3C3BF53108E801_2122634642 Label:Cube13 SpatiallyLoaded:1 Bounds:IsValid=true, Min=(X=2450.000 Y=2762.500 Z=-0.500), Max=(X=2550.000 Y=2837.500 Z=124.500) RuntimeGrid:None EditorOnly:0 RuntimeOnly:0 HLODRelevant:1 ListedInSceneOutliner:1 IsMainWorldOnly:0
 |   |   |- [+] [ 34]
 |   |   |   |- Guid:A01E7FCC45E58F3E628FE783CEB5BF05 BaseClass: NativeClass:/Script/Engine.StaticMeshActor Name:StaticMeshActor_UAID_040E3C3BF53108E801_1757901634 Label:Cube5 SpatiallyLoaded:1 Bounds:IsValid=true, Min=(X=3250.000 Y=1262.500 Z=-0.500), Max=(X=3350.000 Y=1337.500 Z=124.500) RuntimeGrid:None EditorOnly:0 RuntimeOnly:0 HLODRelevant:1 ListedInSceneOutliner:1 IsMainWorldOnly:0
 |   |   |- [+] [ 35]
 |   |   |   |- Guid:A354B1B24E617A525DC6B48CCDE2417E BaseClass: NativeClass:/Script/Engine.PlayerStart Name:PlayerStart_0 Label:PlayerStart SpatiallyLoaded:0 Bounds:IsValid=true, Min=(X=1860.000 Y=315.000 Z=0.013), Max=(X=1940.000 Y=395.000 Z=184.013) RuntimeGrid:None EditorOnly:0 RuntimeOnly:0 HLODRelevant:0 ListedInSceneOutliner:1 IsMainWorldOnly:0
 |   |   |- [+] [ 36]
 |   |   |   |- Guid:A53ACC5D4BADA98F049B1BBABC33D887 BaseClass: NativeClass:/Script/Engine.StaticMeshActor Name:StaticMeshActor_UAID_040E3C3BF53109E801_1210527854 Label:Cube47 SpatiallyLoaded:1 Bounds:IsValid=true, Min=(X=1400.000 Y=3677.500 Z=-0.500), Max=(X=2400.000 Y=4502.500 Z=1124.500) RuntimeGrid:None EditorOnly:0 RuntimeOnly:0 HLODRelevant:1 ListedInSceneOutliner:1 IsMainWorldOnly:0
 |   |   |- [+] [ 37]
 |   |   |   |- Guid:AC3CF37F45F302AFCB2A9DA482C98F46 BaseClass: NativeClass:/Script/Engine.StaticMeshActor Name:StaticMeshActor_UAID_040E3C3BF53108E801_2138478666 Label:Cube37 SpatiallyLoaded:1 Bounds:IsValid=true, Min=(X=450.000 Y=2762.500 Z=-0.500), Max=(X=550.000 Y=2837.500 Z=124.500) RuntimeGrid:None EditorOnly:0 RuntimeOnly:0 HLODRelevant:1 ListedInSceneOutliner:1 IsMainWorldOnly:0
 |   |   |- [+] [ 38]
 |   |   |   |- Guid:ADD7BCCC4B12796A54F3779077C067EF BaseClass: NativeClass:/Script/Engine.StaticMeshActor Name:StaticMeshActor_UAID_040E3C3BF53108E801_2122637644 Label:Cube15 SpatiallyLoaded:1 Bounds:IsValid=true, Min=(X=2850.000 Y=2762.500 Z=-0.500), Max=(X=2950.000 Y=2837.500 Z=124.500) RuntimeGrid:None EditorOnly:0 RuntimeOnly:0 HLODRelevant:1 ListedInSceneOutliner:1 IsMainWorldOnly:0
 |   |   |- [+] [ 39]
 |   |   |   |- Guid:AF47D9DB4CB0CF3D459742933E11CA2F BaseClass: NativeClass:/Script/Engine.StaticMeshActor Name:StaticMeshActor_UAID_040E3C3BF53108E801_2138477665 Label:Cube36 SpatiallyLoaded:1 Bounds:IsValid=true, Min=(X=850.000 Y=2262.500 Z=-0.500), Max=(X=950.000 Y=2337.500 Z=124.500) RuntimeGrid:None EditorOnly:0 RuntimeOnly:0 HLODRelevant:1 ListedInSceneOutliner:1 IsMainWorldOnly:0
 |   |   |- [+] [ 40]
 |   |   |   |- Guid:B259C1A24EF2AC00D512CAB1ED48F254 BaseClass: NativeClass:/Script/Engine.StaticMeshActor Name:StaticMeshActor_UAID_040E3C3BF53108E801_1768637638 Label:Cube9 SpatiallyLoaded:1 Bounds:IsValid=true, Min=(X=2850.000 Y=1762.500 Z=-0.500), Max=(X=2950.000 Y=1837.500 Z=124.500) RuntimeGrid:None EditorOnly:0 RuntimeOnly:0 HLODRelevant:1 ListedInSceneOutliner:1 IsMainWorldOnly:0
 |   |   |- [+] [ 41]
 |   |   |   |- Guid:B3BB73BD4B4C49F653B50A811B6C6CD5 BaseClass: NativeClass:/Script/Engine.StaticMeshActor Name:StaticMeshActor_UAID_040E3C3BF53108E801_2122636643 Label:Cube14 SpatiallyLoaded:1 Bounds:IsValid=true, Min=(X=3250.000 Y=2762.500 Z=-0.500), Max=(X=3350.000 Y=2837.500 Z=124.500) RuntimeGrid:None EditorOnly:0 RuntimeOnly:0 HLODRelevant:1 ListedInSceneOutliner:1 IsMainWorldOnly:0
 |   |   |- [+] [ 42]
 |   |   |   |- Guid:B85AE2B040A06D2986DB11BEA0F9D794 BaseClass: NativeClass:/Script/Engine.StaticMeshActor Name:StaticMeshActor_UAID_040E3C3BF53108E801_2138473660 Label:Cube31 SpatiallyLoaded:1 Bounds:IsValid=true, Min=(X=450.000 Y=1762.500 Z=-0.500), Max=(X=550.000 Y=1837.500 Z=124.500) RuntimeGrid:None EditorOnly:0 RuntimeOnly:0 HLODRelevant:1 ListedInSceneOutliner:1 IsMainWorldOnly:0
 |   |   |- [+] [ 43]
 |   |   |   |- Guid:BBB69B694AD16EB89E197EB5357CE1A2 BaseClass: NativeClass:/Script/Engine.StaticMeshActor Name:StaticMeshActor_UAID_040E3C3BF53108E801_2122643652 Label:Cube23 SpatiallyLoaded:1 Bounds:IsValid=true, Min=(X=3250.000 Y=4262.500 Z=-0.500), Max=(X=3350.000 Y=4337.500 Z=124.500) RuntimeGrid:None EditorOnly:0 RuntimeOnly:0 HLODRelevant:1 ListedInSceneOutliner:1 IsMainWorldOnly:0
 |   |   |- [+] [ 44]
 |   |   |   |- Guid:BE70013D4664B087CEF53EA7F19BECDB BaseClass: NativeClass:/Script/Engine.StaticMeshActor Name:StaticMeshActor_UAID_040E3C3BF53108E801_1579555631 Label:Cube2 SpatiallyLoaded:1 Bounds:IsValid=true, Min=(X=3250.000 Y=762.500 Z=-0.500), Max=(X=3350.000 Y=837.500 Z=124.500) RuntimeGrid:None EditorOnly:0 RuntimeOnly:0 HLODRelevant:1 ListedInSceneOutliner:1 IsMainWorldOnly:0
 |   |   |- [+] [ 45]
 |   |   |   |- Guid:BEE7858848C7A2F4E382E19E10BA8860 BaseClass: NativeClass:/Script/Engine.StaticMeshActor Name:StaticMeshActor_UAID_040E3C3BF53108E801_2122643653 Label:Cube24 SpatiallyLoaded:1 Bounds:IsValid=true, Min=(X=2850.000 Y=4262.500 Z=-0.500), Max=(X=2950.000 Y=4337.500 Z=124.500) RuntimeGrid:None EditorOnly:0 RuntimeOnly:0 HLODRelevant:1 ListedInSceneOutliner:1 IsMainWorldOnly:0
 |   |   |- [+] [ 46]
 |   |   |   |- Guid:C00F814840B73753A9444D91B1878FE9 BaseClass: NativeClass:/Script/Engine.StaticMeshActor Name:StaticMeshActor_UAID_040E3C3BF53108E801_1768636636 Label:Cube7 SpatiallyLoaded:1 Bounds:IsValid=true, Min=(X=2450.000 Y=1762.500 Z=-0.500), Max=(X=2550.000 Y=1837.500 Z=124.500) RuntimeGrid:None EditorOnly:0 RuntimeOnly:0 HLODRelevant:1 ListedInSceneOutliner:1 IsMainWorldOnly:0
 |   |   |- [+] [ 47]
 |   |   |   |- Guid:C60C6DB244997A3555FECD9C81C24EEF BaseClass: NativeClass:/Script/Engine.StaticMeshActor Name:StaticMeshActor_UAID_040E3C3BF53108E801_1768639639 Label:Cube10 SpatiallyLoaded:1 Bounds:IsValid=true, Min=(X=2450.000 Y=2262.500 Z=-0.500), Max=(X=2550.000 Y=2337.500 Z=124.500) RuntimeGrid:None EditorOnly:0 RuntimeOnly:0 HLODRelevant:1 ListedInSceneOutliner:1 IsMainWorldOnly:0
 |   |   |- [+] [ 48]
 |   |   |   |- Guid:C6A1080745B1AC052B836DA187514D77 BaseClass: NativeClass:/Script/Engine.StaticMeshActor Name:StaticMeshActor_UAID_040E3C3BF53108E801_2138476664 Label:Cube35 SpatiallyLoaded:1 Bounds:IsValid=true, Min=(X=1250.000 Y=2262.500 Z=-0.500), Max=(X=1350.000 Y=2337.500 Z=124.500) RuntimeGrid:None EditorOnly:0 RuntimeOnly:0 HLODRelevant:1 ListedInSceneOutliner:1 IsMainWorldOnly:0
 |   |   |- [+] [ 49]
 |   |   |   |- Guid:CB7EEC8441A84BF2321306A258B9BFDD BaseClass: NativeClass:/Script/Engine.StaticMeshActor Name:StaticMeshActor_UAID_040E3C3BF53108E801_1768640640 Label:Cube11 SpatiallyLoaded:1 Bounds:IsValid=true, Min=(X=3250.000 Y=2262.500 Z=-0.500), Max=(X=3350.000 Y=2337.500 Z=124.500) RuntimeGrid:None EditorOnly:0 RuntimeOnly:0 HLODRelevant:1 ListedInSceneOutliner:1 IsMainWorldOnly:0
 |   |   |- [+] [ 50]
 |   |   |   |- Guid:D1DAFF3345CBCA5D0716638C21B96282 BaseClass: NativeClass:/Script/Engine.StaticMeshActor Name:StaticMeshActor_UAID_040E3C3BF53108E801_1768637637 Label:Cube8 SpatiallyLoaded:1 Bounds:IsValid=true, Min=(X=3250.000 Y=1762.500 Z=-0.500), Max=(X=3350.000 Y=1837.500 Z=124.500) RuntimeGrid:None EditorOnly:0 RuntimeOnly:0 HLODRelevant:1 ListedInSceneOutliner:1 IsMainWorldOnly:0
 |   |   |- [+] [ 51]
 |   |   |   |- Guid:D3AEC0784F9A055DFFC902A73D922BD1 BaseClass: NativeClass:/Script/Engine.StaticMeshActor Name:StaticMeshActor_UAID_040E3C3BF53107E801_1696166385 Label:Cube SpatiallyLoaded:1 Bounds:IsValid=true, Min=(X=2450.000 Y=762.500 Z=-0.500), Max=(X=2550.000 Y=837.500 Z=124.500) RuntimeGrid:None EditorOnly:0 RuntimeOnly:0 HLODRelevant:1 ListedInSceneOutliner:1 IsMainWorldOnly:0
 |   |   |- [+] [ 52]
 |   |   |   |- Guid:DCE5301C4108188F4765F6ACEE558CE7 BaseClass: NativeClass:/Script/Engine.DirectionalLight Name:DirectionalLight_UAID_040E3C3BF53166E801_1947049104 Label:DirectionalLight SpatiallyLoaded:0 Bounds:IsValid=true, Min=(X=-4398046511104.000 Y=-4398046511104.000 Z=-4398046511104.000), Max=(X=4398046511104.000 Y=4398046511104.000 Z=4398046511104.000) RuntimeGrid:None EditorOnly:0 RuntimeOnly:0 HLODRelevant:0 ListedInSceneOutliner:1 IsMainWorldOnly:0 FolderPath:Lighting FolderGuid:0BA5F0A04EADB18E70D5B180D08FA34B
 |   |   |- [+] [ 53]
 |   |   |   |- Guid:EA7B1C4447CC85D2E223528770504697 BaseClass: NativeClass:/Script/Engine.StaticMeshActor Name:StaticMeshActor_UAID_040E3C3BF53108E801_2138474661 Label:Cube32 SpatiallyLoaded:1 Bounds:IsValid=true, Min=(X=1250.000 Y=1762.500 Z=-0.500), Max=(X=1350.000 Y=1837.500 Z=124.500) RuntimeGrid:None EditorOnly:0 RuntimeOnly:0 HLODRelevant:1 ListedInSceneOutliner:1 IsMainWorldOnly:0
 |   |   |- [+] [ 54]
 |   |   |   |- Guid:F07F1AF64C7C7C238EE1B4BF8C122DD8 BaseClass: NativeClass:/Script/Engine.StaticMeshActor Name:StaticMeshActor_4 Label:SM_Cube3 SpatiallyLoaded:1 Bounds:IsValid=true, Min=(X=0.000 Y=4750.000 Z=0.000), Max=(X=3725.000 Y=4850.000 Z=1325.000) RuntimeGrid:None EditorOnly:0 RuntimeOnly:0 HLODRelevant:1 ListedInSceneOutliner:1 IsMainWorldOnly:0 FolderPath:Playground FolderGuid:6C02BB504B69D1F3D7A624B130C18E5B
 |   |   |- [+] [ 55]
 |   |   |   |- Guid:F48A05CE4DD02452A913CDBAAFF117CD BaseClass: NativeClass:/Script/Engine.StaticMeshActor Name:StaticMeshActor_UAID_040E3C3BF53108E801_2138475662 Label:Cube33 SpatiallyLoaded:1 Bounds:IsValid=true, Min=(X=850.000 Y=1762.500 Z=-0.500), Max=(X=950.000 Y=1837.500 Z=124.500) RuntimeGrid:None EditorOnly:0 RuntimeOnly:0 HLODRelevant:1 ListedInSceneOutliner:1 IsMainWorldOnly:0
 |   |   |- [+] [ 56]
 |   |   |   |- Guid:F4F0DB4F4E40A2CCDAD8168DAF5195FD BaseClass: NativeClass:/Script/Engine.StaticMeshActor Name:StaticMeshActor_UAID_040E3C3BF53108E801_2138470655 Label:Cube26 SpatiallyLoaded:1 Bounds:IsValid=true, Min=(X=1250.000 Y=762.500 Z=-0.500), Max=(X=1350.000 Y=837.500 Z=124.500) RuntimeGrid:None EditorOnly:0 RuntimeOnly:0 HLODRelevant:1 ListedInSceneOutliner:1 IsMainWorldOnly:0
 |- ContainerInstances:
 |- [+] MainContainer:
 |   |-        ID: 00000000000000000000000000000000
 |   |-  ParentID: 00000000000000000000000000000000
 |   |-    Bounds: IsValid=false, Min=(X=0.000 Y=0.000 Z=0.000), Max=(X=0.000 Y=0.000 Z=0.000)
 |   |- Transform: 0.000000,0.000000,0.000000|0.000000,0.000000,-0.000000|1.000000,1.000000,1.000000
 |   |- Container: /Game/FirstPerson/Maps/FirstPersonMap
----------------------------------------------------------------------------------------------------------------
FirstPersonMap - Persistent Level
----------------------------------------------------------------------------------------------------------------
[+] Content of FirstPersonMap Persistent Level
 |- Always loaded Actor Count: 64 
 |- Actor Path: /Game/FirstPerson/Maps/FirstPersonMap.FirstPersonMap:PersistentLevel.AbstractNavData-Default
 |- Actor Package: /Game/FirstPerson/Maps/FirstPersonMap
 |- Actor Path: /Game/FirstPerson/Maps/FirstPersonMap.FirstPersonMap:PersistentLevel.BP_Sky_Sphere_C_UAID_040E3C3BF53166E801_1420462103
 |- Actor Package: /Game/__ExternalActors__/FirstPerson/Maps/FirstPersonMap/9/VS/K8L6KKRCZTGKA5DDIKKJGW
 |- Actor Path: /Game/FirstPerson/Maps/FirstPersonMap.FirstPersonMap:PersistentLevel.Brush_0
 |- Actor Package: /Game/FirstPerson/Maps/FirstPersonMap
 |- Actor Path: /Game/FirstPerson/Maps/FirstPersonMap.FirstPersonMap:PersistentLevel.DefaultPhysicsVolume_0
 |- Actor Package: /Game/FirstPerson/Maps/FirstPersonMap
 |- Actor Path: /Game/FirstPerson/Maps/FirstPersonMap.FirstPersonMap:PersistentLevel.DirectionalLight_UAID_040E3C3BF53166E801_1947049104
 |- Actor Package: /Game/__ExternalActors__/FirstPerson/Maps/FirstPersonMap/7/FM/ODG00GZVRF07MIB4A5X29V
 |- Actor Path: /Game/FirstPerson/Maps/FirstPersonMap.FirstPersonMap:PersistentLevel.ExponentialHeightFog_UAID_040E3C3BF53166E801_2093954105
 |- Actor Package: /Game/__ExternalActors__/FirstPerson/Maps/FirstPersonMap/4/71/X72XEOJC2I3GRFEASFNX7K
 |- Actor Path: /Game/FirstPerson/Maps/FirstPersonMap.FirstPersonMap:PersistentLevel.FirstPersonExampleMap_C_1
 |- Actor Package: /Game/FirstPerson/Maps/FirstPersonMap
 |- Actor Path: /Game/FirstPerson/Maps/FirstPersonMap.FirstPersonMap:PersistentLevel.GameplayDebuggerPlayerManager_0
 |- Actor Package: /Game/FirstPerson/Maps/FirstPersonMap
 |- Actor Path: /Game/FirstPerson/Maps/FirstPersonMap.FirstPersonMap:PersistentLevel.PlayerStart_0
 |- Actor Package: /Game/__ExternalActors__/FirstPerson/Maps/FirstPersonMap/8/Z7/W1SXRCM1KAKBJOIZDLHZ47
 |- Actor Path: /Game/FirstPerson/Maps/FirstPersonMap.FirstPersonMap:PersistentLevel.StaticMeshActor_0
 |- Actor Package: /Game/__ExternalActors__/FirstPerson/Maps/FirstPersonMap/7/L5/1ZJ54FMA0DAL3I2Q8RFAIB
 |- Actor Path: /Game/FirstPerson/Maps/FirstPersonMap.FirstPersonMap:PersistentLevel.StaticMeshActor_3
 |- Actor Package: /Game/__ExternalActors__/FirstPerson/Maps/FirstPersonMap/3/AI/0XWE3RNM2XQC0ST1KXG02O
 |- Actor Path: /Game/FirstPerson/Maps/FirstPersonMap.FirstPersonMap:PersistentLevel.StaticMeshActor_4
 |- Actor Package: /Game/__ExternalActors__/FirstPerson/Maps/FirstPersonMap/6/AJ/2XZ3RUK0LFB63FVNQE7P5R
 |- Actor Path: /Game/FirstPerson/Maps/FirstPersonMap.FirstPersonMap:PersistentLevel.StaticMeshActor_9
 |- Actor Package: /Game/__ExternalActors__/FirstPerson/Maps/FirstPersonMap/E/UE/YUZ9741T50O1SYRX90OB0S
 |- Actor Path: /Game/FirstPerson/Maps/FirstPersonMap.FirstPersonMap:PersistentLevel.StaticMeshActor_10
 |- Actor Package: /Game/__ExternalActors__/FirstPerson/Maps/FirstPersonMap/A/XJ/HL558UUAGCS9HVVOI0S7PX
 |- Actor Path: /Game/FirstPerson/Maps/FirstPersonMap.FirstPersonMap:PersistentLevel.StaticMeshActor_UAID_040E3C3BF53107E801_1696166385
 |- Actor Package: /Game/__ExternalActors__/FirstPerson/Maps/FirstPersonMap/1/LK/SDUO7CS6CPY1B62DMKFL2R
 |- Actor Path: /Game/FirstPerson/Maps/FirstPersonMap.FirstPersonMap:PersistentLevel.StaticMeshActor_UAID_040E3C3BF53108E801_1579555631
 |- Actor Package: /Game/__ExternalActors__/FirstPerson/Maps/FirstPersonMap/5/0V/1A8HSFNJNRZOMBYZ3U14T7
 |- Actor Path: /Game/FirstPerson/Maps/FirstPersonMap.FirstPersonMap:PersistentLevel.StaticMeshActor_UAID_040E3C3BF53108E801_1752787632
 |- Actor Package: /Game/__ExternalActors__/FirstPerson/Maps/FirstPersonMap/7/CO/VCQ7M6MUV87DTPZD6ARY7K
 |- Actor Path: /Game/FirstPerson/Maps/FirstPersonMap.FirstPersonMap:PersistentLevel.StaticMeshActor_UAID_040E3C3BF53108E801_1757899633
 |- Actor Package: /Game/__ExternalActors__/FirstPerson/Maps/FirstPersonMap/B/G2/JM2VM8E71Z2CNAERP1LR3P
 |- Actor Path: /Game/FirstPerson/Maps/FirstPersonMap.FirstPersonMap:PersistentLevel.StaticMeshActor_UAID_040E3C3BF53108E801_1757901634
 |- Actor Package: /Game/__ExternalActors__/FirstPerson/Maps/FirstPersonMap/D/TM/0ZF9ITELLRLWAQFI11ILUN
 |- Actor Path: /Game/FirstPerson/Maps/FirstPersonMap.FirstPersonMap:PersistentLevel.StaticMeshActor_UAID_040E3C3BF53108E801_1757901635
 |- Actor Package: /Game/__ExternalActors__/FirstPerson/Maps/FirstPersonMap/4/38/EYJBX2HP15DAHLJ2ZUG3S1
 |- Actor Path: /Game/FirstPerson/Maps/FirstPersonMap.FirstPersonMap:PersistentLevel.StaticMeshActor_UAID_040E3C3BF53108E801_1768636636
 |- Actor Package: /Game/__ExternalActors__/FirstPerson/Maps/FirstPersonMap/9/SS/WIEQTKJLBV4QETOPCZTZIF
 |- Actor Path: /Game/FirstPerson/Maps/FirstPersonMap.FirstPersonMap:PersistentLevel.StaticMeshActor_UAID_040E3C3BF53108E801_1768637637
 |- Actor Package: /Game/__ExternalActors__/FirstPerson/Maps/FirstPersonMap/1/VP/KMYGG4XC2ML5N0WUST8PAG
 |- Actor Path: /Game/FirstPerson/Maps/FirstPersonMap.FirstPersonMap:PersistentLevel.StaticMeshActor_UAID_040E3C3BF53108E801_1768637638
 |- Actor Package: /Game/__ExternalActors__/FirstPerson/Maps/FirstPersonMap/B/RF/CZTJ4HLI24XEPHQ6NMTBO9
 |- Actor Path: /Game/FirstPerson/Maps/FirstPersonMap.FirstPersonMap:PersistentLevel.StaticMeshActor_UAID_040E3C3BF53108E801_1768639639
 |- Actor Package: /Game/__ExternalActors__/FirstPerson/Maps/FirstPersonMap/3/CT/YGP2E5RV71Y4GR7D9X8QK7
 |- Actor Path: /Game/FirstPerson/Maps/FirstPersonMap.FirstPersonMap:PersistentLevel.StaticMeshActor_UAID_040E3C3BF53108E801_1768640640
 |- Actor Package: /Game/__ExternalActors__/FirstPerson/Maps/FirstPersonMap/E/MY/0BQD02UZEZ1ZFDG2WENS29
 |- Actor Path: /Game/FirstPerson/Maps/FirstPersonMap.FirstPersonMap:PersistentLevel.StaticMeshActor_UAID_040E3C3BF53108E801_1768641641
 |- Actor Package: /Game/__ExternalActors__/FirstPerson/Maps/FirstPersonMap/4/UH/XRF0TH6NDPZUXGVRMDIFZN
 |- Actor Path: /Game/FirstPerson/Maps/FirstPersonMap.FirstPersonMap:PersistentLevel.StaticMeshActor_UAID_040E3C3BF53108E801_2122634642
 |- Actor Package: /Game/__ExternalActors__/FirstPerson/Maps/FirstPersonMap/6/2W/VS93QOYBJWJN0NBBPQB14H
 |- Actor Path: /Game/FirstPerson/Maps/FirstPersonMap.FirstPersonMap:PersistentLevel.StaticMeshActor_UAID_040E3C3BF53108E801_2122636643
 |- Actor Package: /Game/__ExternalActors__/FirstPerson/Maps/FirstPersonMap/4/YD/GJXUDMHEIP8A7XWPVXPP0E
 |- Actor Path: /Game/FirstPerson/Maps/FirstPersonMap.FirstPersonMap:PersistentLevel.StaticMeshActor_UAID_040E3C3BF53108E801_2122637644
 |- Actor Package: /Game/__ExternalActors__/FirstPerson/Maps/FirstPersonMap/A/N0/LL0F02Z0B6HGNJ6XPLFOZ9
 |- Actor Path: /Game/FirstPerson/Maps/FirstPersonMap.FirstPersonMap:PersistentLevel.StaticMeshActor_UAID_040E3C3BF53108E801_2122637645
 |- Actor Package: /Game/__ExternalActors__/FirstPerson/Maps/FirstPersonMap/2/52/IWQFUCI9MTBJQPS8PEER5Q
 |- Actor Path: /Game/FirstPerson/Maps/FirstPersonMap.FirstPersonMap:PersistentLevel.StaticMeshActor_UAID_040E3C3BF53108E801_2122639646
 |- Actor Package: /Game/__ExternalActors__/FirstPerson/Maps/FirstPersonMap/C/PL/RRWPZ1OY15KV55P139709B
 |- Actor Path: /Game/FirstPerson/Maps/FirstPersonMap.FirstPersonMap:PersistentLevel.StaticMeshActor_UAID_040E3C3BF53108E801_2122639647
 |- Actor Package: /Game/__ExternalActors__/FirstPerson/Maps/FirstPersonMap/7/SY/091J7LKIKUGCGOVMBGQBBS
 |- Actor Path: /Game/FirstPerson/Maps/FirstPersonMap.FirstPersonMap:PersistentLevel.StaticMeshActor_UAID_040E3C3BF53108E801_2122641649
 |- Actor Package: /Game/__ExternalActors__/FirstPerson/Maps/FirstPersonMap/B/AL/S1UCCO4CXG0V11EJP3OCEC
 |- Actor Path: /Game/FirstPerson/Maps/FirstPersonMap.FirstPersonMap:PersistentLevel.StaticMeshActor_UAID_040E3C3BF53108E801_2122642650
 |- Actor Package: /Game/__ExternalActors__/FirstPerson/Maps/FirstPersonMap/4/YM/L90XHV45OII2BSX3CK15KW
 |- Actor Path: /Game/FirstPerson/Maps/FirstPersonMap.FirstPersonMap:PersistentLevel.StaticMeshActor_UAID_040E3C3BF53108E801_2122643652
 |- Actor Package: /Game/__ExternalActors__/FirstPerson/Maps/FirstPersonMap/4/CO/8SM3WDC74R1OAB6OCDFQ8Y
 |- Actor Path: /Game/FirstPerson/Maps/FirstPersonMap.FirstPersonMap:PersistentLevel.StaticMeshActor_UAID_040E3C3BF53108E801_2122643653
 |- Actor Package: /Game/__ExternalActors__/FirstPerson/Maps/FirstPersonMap/F/4V/SWL93D7SWCB5NIK5UW246C
 |- Actor Path: /Game/FirstPerson/Maps/FirstPersonMap.FirstPersonMap:PersistentLevel.StaticMeshActor_UAID_040E3C3BF53108E801_2138468654
 |- Actor Package: /Game/__ExternalActors__/FirstPerson/Maps/FirstPersonMap/7/RI/U5PVGM9EPNY2LKMBCAPTCU
 |- Actor Path: /Game/FirstPerson/Maps/FirstPersonMap.FirstPersonMap:PersistentLevel.StaticMeshActor_UAID_040E3C3BF53108E801_2138470655
 |- Actor Package: /Game/__ExternalActors__/FirstPerson/Maps/FirstPersonMap/D/82/TVAKV6FRJHQ6BRUF8MGK07
 |- Actor Path: /Game/FirstPerson/Maps/FirstPersonMap.FirstPersonMap:PersistentLevel.StaticMeshActor_UAID_040E3C3BF53108E801_2138471656
 |- Actor Package: /Game/__ExternalActors__/FirstPerson/Maps/FirstPersonMap/9/J6/LVELQ40Q9TFEWFXC7VGR2Y
 |- Actor Path: /Game/FirstPerson/Maps/FirstPersonMap.FirstPersonMap:PersistentLevel.StaticMeshActor_UAID_040E3C3BF53108E801_2138471657
 |- Actor Package: /Game/__ExternalActors__/FirstPerson/Maps/FirstPersonMap/2/1G/SX18XIM5DS0AT2J0MHXHHJ
 |- Actor Path: /Game/FirstPerson/Maps/FirstPersonMap.FirstPersonMap:PersistentLevel.StaticMeshActor_UAID_040E3C3BF53108E801_2138472658
 |- Actor Package: /Game/__ExternalActors__/FirstPerson/Maps/FirstPersonMap/B/O5/BZSI7CMIKLTOWAE37TYEWZ
 |- Actor Path: /Game/FirstPerson/Maps/FirstPersonMap.FirstPersonMap:PersistentLevel.StaticMeshActor_UAID_040E3C3BF53108E801_2138473659
 |- Actor Package: /Game/__ExternalActors__/FirstPerson/Maps/FirstPersonMap/D/TW/FUVC5J056F236HYFYU7AD0
 |- Actor Path: /Game/FirstPerson/Maps/FirstPersonMap.FirstPersonMap:PersistentLevel.StaticMeshActor_UAID_040E3C3BF53108E801_2138473660
 |- Actor Package: /Game/__ExternalActors__/FirstPerson/Maps/FirstPersonMap/8/VA/R75BCEHPPY6RG9CMWS02TF
 |- Actor Path: /Game/FirstPerson/Maps/FirstPersonMap.FirstPersonMap:PersistentLevel.StaticMeshActor_UAID_040E3C3BF53108E801_2138474661
 |- Actor Package: /Game/__ExternalActors__/FirstPerson/Maps/FirstPersonMap/4/RN/3LUECYF02ATA4XAYJR0NYS
 |- Actor Path: /Game/FirstPerson/Maps/FirstPersonMap.FirstPersonMap:PersistentLevel.StaticMeshActor_UAID_040E3C3BF53108E801_2138475662
 |- Actor Package: /Game/__ExternalActors__/FirstPerson/Maps/FirstPersonMap/8/JR/LBPO0NZNZ2B2LTROUPQ34X
 |- Actor Path: /Game/FirstPerson/Maps/FirstPersonMap.FirstPersonMap:PersistentLevel.StaticMeshActor_UAID_040E3C3BF53108E801_2138475663
 |- Actor Package: /Game/__ExternalActors__/FirstPerson/Maps/FirstPersonMap/5/HV/GN5E3TS0RDIL5QU0EXS8FU
 |- Actor Path: /Game/FirstPerson/Maps/FirstPersonMap.FirstPersonMap:PersistentLevel.StaticMeshActor_UAID_040E3C3BF53108E801_2138476664
 |- Actor Package: /Game/__ExternalActors__/FirstPerson/Maps/FirstPersonMap/D/YT/YSWCFXGSUROCSZE9100WIH
 |- Actor Path: /Game/FirstPerson/Maps/FirstPersonMap.FirstPersonMap:PersistentLevel.StaticMeshActor_UAID_040E3C3BF53108E801_2138477665
 |- Actor Package: /Game/__ExternalActors__/FirstPerson/Maps/FirstPersonMap/D/MS/9ICTIBWFOO6YDW7JPJZ3TS
 |- Actor Path: /Game/FirstPerson/Maps/FirstPersonMap.FirstPersonMap:PersistentLevel.StaticMeshActor_UAID_040E3C3BF53108E801_2138478666
 |- Actor Package: /Game/__ExternalActors__/FirstPerson/Maps/FirstPersonMap/2/I2/4GJZN3NMQBU2A7SM4ZCQ9J
 |- Actor Path: /Game/FirstPerson/Maps/FirstPersonMap.FirstPersonMap:PersistentLevel.StaticMeshActor_UAID_040E3C3BF53108E801_2138479667
 |- Actor Package: /Game/__ExternalActors__/FirstPerson/Maps/FirstPersonMap/5/PD/MK7FHVYBSD7Z0RN413Z6BC
 |- Actor Path: /Game/FirstPerson/Maps/FirstPersonMap.FirstPersonMap:PersistentLevel.StaticMeshActor_UAID_040E3C3BF53108E801_2138480668
 |- Actor Package: /Game/__ExternalActors__/FirstPerson/Maps/FirstPersonMap/2/TP/QR1CBQ3JISNWCKCIL9LKOR
 |- Actor Path: /Game/FirstPerson/Maps/FirstPersonMap.FirstPersonMap:PersistentLevel.StaticMeshActor_UAID_040E3C3BF53108E801_2138481669
 |- Actor Package: /Game/__ExternalActors__/FirstPerson/Maps/FirstPersonMap/4/NL/KX588FGHA3IF4KJMW7DU0Z
 |- Actor Path: /Game/FirstPerson/Maps/FirstPersonMap.FirstPersonMap:PersistentLevel.StaticMeshActor_UAID_040E3C3BF53108E801_2138482670
 |- Actor Package: /Game/__ExternalActors__/FirstPerson/Maps/FirstPersonMap/E/QB/KPUHZ4VV10D5P12GWFCHKE
 |- Actor Path: /Game/FirstPerson/Maps/FirstPersonMap.FirstPersonMap:PersistentLevel.StaticMeshActor_UAID_040E3C3BF53108E801_2138482671
 |- Actor Package: /Game/__ExternalActors__/FirstPerson/Maps/FirstPersonMap/6/2D/UFRQNDCDAJBVK9FTR57LTU
 |- Actor Path: /Game/FirstPerson/Maps/FirstPersonMap.FirstPersonMap:PersistentLevel.StaticMeshActor_UAID_040E3C3BF53108E801_2138483672
 |- Actor Package: /Game/__ExternalActors__/FirstPerson/Maps/FirstPersonMap/6/L9/E2PI1KJGAEUA0BM6QAZQI8
 |- Actor Path: /Game/FirstPerson/Maps/FirstPersonMap.FirstPersonMap:PersistentLevel.StaticMeshActor_UAID_040E3C3BF53108E801_2138484674
 |- Actor Package: /Game/__ExternalActors__/FirstPerson/Maps/FirstPersonMap/B/R2/EJW5Z0ZGYWDMFEAFX6HT58
 |- Actor Path: /Game/FirstPerson/Maps/FirstPersonMap.FirstPersonMap:PersistentLevel.StaticMeshActor_UAID_040E3C3BF53108E801_2138485675
 |- Actor Package: /Game/__ExternalActors__/FirstPerson/Maps/FirstPersonMap/8/RL/KPMGVPGJFL5G2C9LRPS54M
 |- Actor Path: /Game/FirstPerson/Maps/FirstPersonMap.FirstPersonMap:PersistentLevel.StaticMeshActor_UAID_040E3C3BF53108E801_2138487677
 |- Actor Package: /Game/__ExternalActors__/FirstPerson/Maps/FirstPersonMap/9/WI/GDS16KJQDRNCY784LGXJX8
 |- Actor Path: /Game/FirstPerson/Maps/FirstPersonMap.FirstPersonMap:PersistentLevel.StaticMeshActor_UAID_040E3C3BF53109E801_1210527854
 |- Actor Package: /Game/__ExternalActors__/FirstPerson/Maps/FirstPersonMap/6/FD/I88PF9B17OKOZP7V4AMA2F
 |- Actor Path: /Game/FirstPerson/Maps/FirstPersonMap.FirstPersonMap:PersistentLevel.StaticMeshActor_UAID_040E3C3BF53167E801_1913082282
 |- Actor Package: /Game/__ExternalActors__/FirstPerson/Maps/FirstPersonMap/6/8M/B6XL07ZKRUCEI81NPP3TA7
 |- Actor Path: /Game/FirstPerson/Maps/FirstPersonMap.FirstPersonMap:PersistentLevel.TextRenderActor_1
 |- Actor Package: /Game/__ExternalActors__/FirstPerson/Maps/FirstPersonMap/1/RN/55P1SMQLAF7OK6300D5I8N
 |- Actor Path: /Game/FirstPerson/Maps/FirstPersonMap.FirstPersonMap:PersistentLevel.WorldDataLayers
 |- Actor Package: /Game/__ExternalActors__/FirstPerson/Maps/FirstPersonMap/D/0W/E1FKEGVKGOLM7HGLQPCIPO
 |- Actor Path: /Game/FirstPerson/Maps/FirstPersonMap.FirstPersonMap:PersistentLevel.WorldInfo_0
 |- Actor Package: /Game/FirstPerson/Maps/FirstPersonMap
 |- Actor Path: /Game/FirstPerson/Maps/FirstPersonMap.FirstPersonMap:PersistentLevel.WorldPartitionMiniMap_0
 |- Actor Package: /Game/__ExternalActors__/FirstPerson/Maps/FirstPersonMap/4/CR/SRVPLA8UNZ8XIIP0E036DI

----------------------------------------------------------------------------------------------------------------
FirstPersonMap - Runtime Spatial Hash - Streaming Grid - MainGrid
----------------------------------------------------------------------------------------------------------------
            Origin: X=0.000 Y=0.000 Z=0.000
         Cell Size: 12800
      World Bounds: IsValid=false, Min=(X=0.000 Y=0.000 Z=0.000), Max=(X=0.000 Y=0.000 Z=0.000)
     Loading Range: 25600.00
Block Slow Loading: No
 ClientOnlyVisible: No
            Origin: X=0.000 Y=0.000 Z=0.000

[+] Grid Levels: 1
 |- Level  0: Cell Count    0 | Cell Size   12800 | Actor Count    0 (0.0%)

[+] Content of Grid Level 0

